INFO [2020-06-23 11:31:33] [[1]]
INFO [2020-06-23 11:31:33] list(c1 = case1_up$Symbol, c2 = case2_up$Symbol)
INFO [2020-06-23 11:31:33] 
INFO [2020-06-23 11:31:33] $filename
INFO [2020-06-23 11:31:33] [1] "venn_upregulated.tiff"
INFO [2020-06-23 11:31:33] 
INFO [2020-06-23 11:31:33] $category.names
INFO [2020-06-23 11:31:33] list("Case 1", "Case 2")
INFO [2020-06-23 11:31:33] 
INFO [2020-06-23 11:31:33] $fontfamily
INFO [2020-06-23 11:31:33] [1] "sans"
INFO [2020-06-23 11:31:33] 
INFO [2020-06-23 11:31:33] $cat.fontfamily
INFO [2020-06-23 11:31:33] [1] "sans"
INFO [2020-06-23 11:31:33] 
INFO [2020-06-23 11:31:33] $lty
INFO [2020-06-23 11:31:33] [1] "blank"
INFO [2020-06-23 11:31:33] 
INFO [2020-06-23 11:31:33] $fill
INFO [2020-06-23 11:31:33] myCol[1:2]
INFO [2020-06-23 11:31:33] 
