INFO [2020-06-23 13:05:09] [[1]]
INFO [2020-06-23 13:05:09] list(c1 = case1_up$Symbol, c2 = case2_up$Symbol)
INFO [2020-06-23 13:05:09] 
INFO [2020-06-23 13:05:09] $filename
INFO [2020-06-23 13:05:09] [1] "venn_upregulated.svg"
INFO [2020-06-23 13:05:09] 
INFO [2020-06-23 13:05:09] $category.names
INFO [2020-06-23 13:05:09] list("Case 1", "Case 2")
INFO [2020-06-23 13:05:09] 
INFO [2020-06-23 13:05:09] $fontfamily
INFO [2020-06-23 13:05:09] [1] "sans"
INFO [2020-06-23 13:05:09] 
INFO [2020-06-23 13:05:09] $cat.fontfamily
INFO [2020-06-23 13:05:09] [1] "sans"
INFO [2020-06-23 13:05:09] 
INFO [2020-06-23 13:05:09] $lty
INFO [2020-06-23 13:05:09] [1] "blank"
INFO [2020-06-23 13:05:09] 
INFO [2020-06-23 13:05:09] $imagetype
INFO [2020-06-23 13:05:09] [1] "svg"
INFO [2020-06-23 13:05:09] 
INFO [2020-06-23 13:05:09] $fill
INFO [2020-06-23 13:05:09] myCol[1:2]
INFO [2020-06-23 13:05:09] 
