INFO [2020-06-23 13:04:47] [[1]]
INFO [2020-06-23 13:04:47] list(c1 = case1_up$Symbol, c2 = case2_up$Symbol)
INFO [2020-06-23 13:04:47] 
INFO [2020-06-23 13:04:47] $filename
INFO [2020-06-23 13:04:47] [1] "venn_upregulated.pdf"
INFO [2020-06-23 13:04:47] 
INFO [2020-06-23 13:04:47] $category.names
INFO [2020-06-23 13:04:47] list("Case 1", "Case 2")
INFO [2020-06-23 13:04:47] 
INFO [2020-06-23 13:04:47] $fontfamily
INFO [2020-06-23 13:04:47] [1] "sans"
INFO [2020-06-23 13:04:47] 
INFO [2020-06-23 13:04:47] $cat.fontfamily
INFO [2020-06-23 13:04:47] [1] "sans"
INFO [2020-06-23 13:04:47] 
INFO [2020-06-23 13:04:47] $lty
INFO [2020-06-23 13:04:47] [1] "blank"
INFO [2020-06-23 13:04:47] 
INFO [2020-06-23 13:04:47] $imagetype
INFO [2020-06-23 13:04:47] [1] "svg"
INFO [2020-06-23 13:04:47] 
INFO [2020-06-23 13:04:47] $fill
INFO [2020-06-23 13:04:47] myCol[1:2]
INFO [2020-06-23 13:04:47] 
