INFO [2020-06-19 14:16:38] [[1]]
INFO [2020-06-19 14:16:38] list(c1 = case1_up$Symbol, c2 = case2_up$Symbol)
INFO [2020-06-19 14:16:38] 
INFO [2020-06-19 14:16:38] $filename
INFO [2020-06-19 14:16:38] [1] "venn_upregulated.tiff"
INFO [2020-06-19 14:16:38] 
INFO [2020-06-19 14:16:38] $category.names
INFO [2020-06-19 14:16:38] list("Case 1", "Case 2")
INFO [2020-06-19 14:16:38] 
INFO [2020-06-19 14:16:38] $fontfamily
INFO [2020-06-19 14:16:38] [1] "sans"
INFO [2020-06-19 14:16:38] 
INFO [2020-06-19 14:16:38] $cat.fontfamily
INFO [2020-06-19 14:16:38] [1] "sans"
INFO [2020-06-19 14:16:38] 
INFO [2020-06-19 14:16:38] $lty
INFO [2020-06-19 14:16:38] [1] "blank"
INFO [2020-06-19 14:16:38] 
INFO [2020-06-19 14:16:38] $fill
INFO [2020-06-19 14:16:38] myCol[1:2]
INFO [2020-06-19 14:16:38] 
