INFO [2020-06-23 10:57:55] [[1]]
INFO [2020-06-23 10:57:55] list(c1 = case1_up$Symbol, c2 = case2_up$Symbol)
INFO [2020-06-23 10:57:55] 
INFO [2020-06-23 10:57:55] $filename
INFO [2020-06-23 10:57:55] [1] "venn_upregulated.tiff"
INFO [2020-06-23 10:57:55] 
INFO [2020-06-23 10:57:55] $category.names
INFO [2020-06-23 10:57:55] list("Case 1", "Case 2")
INFO [2020-06-23 10:57:55] 
INFO [2020-06-23 10:57:55] $fontfamily
INFO [2020-06-23 10:57:55] [1] "sans"
INFO [2020-06-23 10:57:55] 
INFO [2020-06-23 10:57:55] $cat.fontfamily
INFO [2020-06-23 10:57:55] [1] "sans"
INFO [2020-06-23 10:57:55] 
INFO [2020-06-23 10:57:55] $lty
INFO [2020-06-23 10:57:55] [1] "blank"
INFO [2020-06-23 10:57:55] 
INFO [2020-06-23 10:57:55] $fill
INFO [2020-06-23 10:57:55] myCol[1:2]
INFO [2020-06-23 10:57:55] 
