INFO [2020-06-23 11:24:18] [[1]]
INFO [2020-06-23 11:24:18] list(c1 = case1_up$Symbol, c2 = case2_up$Symbol)
INFO [2020-06-23 11:24:18] 
INFO [2020-06-23 11:24:18] $filename
INFO [2020-06-23 11:24:18] [1] "venn_upregulated.tiff"
INFO [2020-06-23 11:24:18] 
INFO [2020-06-23 11:24:18] $category.names
INFO [2020-06-23 11:24:18] list("Case 1", "Case 2")
INFO [2020-06-23 11:24:18] 
INFO [2020-06-23 11:24:18] $fontfamily
INFO [2020-06-23 11:24:18] [1] "sans"
INFO [2020-06-23 11:24:18] 
INFO [2020-06-23 11:24:18] $cat.fontfamily
INFO [2020-06-23 11:24:18] [1] "sans"
INFO [2020-06-23 11:24:18] 
INFO [2020-06-23 11:24:18] $lty
INFO [2020-06-23 11:24:18] [1] "blank"
INFO [2020-06-23 11:24:18] 
INFO [2020-06-23 11:24:18] $fill
INFO [2020-06-23 11:24:18] myCol[1:2]
INFO [2020-06-23 11:24:18] 
