INFO [2020-06-23 10:18:05] [[1]]
INFO [2020-06-23 10:18:05] list(c1 = case1_up$Symbol, c2 = case2_up$Symbol)
INFO [2020-06-23 10:18:05] 
INFO [2020-06-23 10:18:05] $filename
INFO [2020-06-23 10:18:05] [1] "venn_upregulated.tiff"
INFO [2020-06-23 10:18:05] 
INFO [2020-06-23 10:18:05] $category.names
INFO [2020-06-23 10:18:05] list("Case 1", "Case 2")
INFO [2020-06-23 10:18:05] 
INFO [2020-06-23 10:18:05] $fontfamily
INFO [2020-06-23 10:18:05] [1] "sans"
INFO [2020-06-23 10:18:05] 
INFO [2020-06-23 10:18:05] $cat.fontfamily
INFO [2020-06-23 10:18:05] [1] "sans"
INFO [2020-06-23 10:18:05] 
INFO [2020-06-23 10:18:05] $lty
INFO [2020-06-23 10:18:05] [1] "blank"
INFO [2020-06-23 10:18:05] 
INFO [2020-06-23 10:18:05] $fill
INFO [2020-06-23 10:18:05] myCol[1:2]
INFO [2020-06-23 10:18:05] 
