INFO [2020-06-23 13:18:59] [[1]]
INFO [2020-06-23 13:18:59] list(c1 = case1_up$Symbol, c2 = case2_up$Symbol)
INFO [2020-06-23 13:18:59] 
INFO [2020-06-23 13:18:59] $filename
INFO [2020-06-23 13:18:59] [1] "venn_upregulated.tiff"
INFO [2020-06-23 13:18:59] 
INFO [2020-06-23 13:18:59] $category.names
INFO [2020-06-23 13:18:59] list("Case 1", "Case 2")
INFO [2020-06-23 13:18:59] 
INFO [2020-06-23 13:18:59] $fontfamily
INFO [2020-06-23 13:18:59] [1] "sans"
INFO [2020-06-23 13:18:59] 
INFO [2020-06-23 13:18:59] $cat.fontfamily
INFO [2020-06-23 13:18:59] [1] "sans"
INFO [2020-06-23 13:18:59] 
INFO [2020-06-23 13:18:59] $lty
INFO [2020-06-23 13:18:59] [1] "blank"
INFO [2020-06-23 13:18:59] 
INFO [2020-06-23 13:18:59] $imagetype
INFO [2020-06-23 13:18:59] [1] "tiff"
INFO [2020-06-23 13:18:59] 
INFO [2020-06-23 13:18:59] $fill
INFO [2020-06-23 13:18:59] myCol[1:2]
INFO [2020-06-23 13:18:59] 
