INFO [2020-06-19 14:23:13] [[1]]
INFO [2020-06-19 14:23:13] list(c1 = case1_up$Symbol, c2 = case2_up$Symbol)
INFO [2020-06-19 14:23:13] 
INFO [2020-06-19 14:23:13] $filename
INFO [2020-06-19 14:23:13] [1] "venn_upregulated.tiff"
INFO [2020-06-19 14:23:13] 
INFO [2020-06-19 14:23:13] $category.names
INFO [2020-06-19 14:23:13] list("Case 1", "Case 2")
INFO [2020-06-19 14:23:13] 
INFO [2020-06-19 14:23:13] $fontfamily
INFO [2020-06-19 14:23:13] [1] "sans"
INFO [2020-06-19 14:23:13] 
INFO [2020-06-19 14:23:13] $cat.fontfamily
INFO [2020-06-19 14:23:13] [1] "sans"
INFO [2020-06-19 14:23:13] 
INFO [2020-06-19 14:23:13] $lty
INFO [2020-06-19 14:23:13] [1] "blank"
INFO [2020-06-19 14:23:13] 
INFO [2020-06-19 14:23:13] $fill
INFO [2020-06-19 14:23:13] myCol[1:2]
INFO [2020-06-19 14:23:13] 
