INFO [2020-06-23 10:57:14] [[1]]
INFO [2020-06-23 10:57:14] list(c1 = case1_up$Symbol, c2 = case2_up$Symbol)
INFO [2020-06-23 10:57:14] 
INFO [2020-06-23 10:57:14] $filename
INFO [2020-06-23 10:57:14] [1] "venn_upregulated.tiff"
INFO [2020-06-23 10:57:14] 
INFO [2020-06-23 10:57:14] $category.names
INFO [2020-06-23 10:57:14] list("Case 1", "Case 2")
INFO [2020-06-23 10:57:14] 
INFO [2020-06-23 10:57:14] $fontfamily
INFO [2020-06-23 10:57:14] [1] "sans"
INFO [2020-06-23 10:57:14] 
INFO [2020-06-23 10:57:14] $cat.fontfamily
INFO [2020-06-23 10:57:14] [1] "sans"
INFO [2020-06-23 10:57:14] 
INFO [2020-06-23 10:57:14] $lty
INFO [2020-06-23 10:57:14] [1] "blank"
INFO [2020-06-23 10:57:14] 
INFO [2020-06-23 10:57:14] $fill
INFO [2020-06-23 10:57:14] myCol[1:2]
INFO [2020-06-23 10:57:14] 
