INFO [2020-06-23 10:56:26] [[1]]
INFO [2020-06-23 10:56:26] list(c1 = case1_up$Symbol, c2 = case2_up$Symbol)
INFO [2020-06-23 10:56:26] 
INFO [2020-06-23 10:56:26] $filename
INFO [2020-06-23 10:56:26] [1] "venn_upregulated.tiff"
INFO [2020-06-23 10:56:26] 
INFO [2020-06-23 10:56:26] $category.names
INFO [2020-06-23 10:56:26] list("Case 1", "Case 2")
INFO [2020-06-23 10:56:26] 
INFO [2020-06-23 10:56:26] $fontfamily
INFO [2020-06-23 10:56:26] [1] "sans"
INFO [2020-06-23 10:56:26] 
INFO [2020-06-23 10:56:26] $cat.fontfamily
INFO [2020-06-23 10:56:26] [1] "sans"
INFO [2020-06-23 10:56:26] 
INFO [2020-06-23 10:56:26] $lty
INFO [2020-06-23 10:56:26] [1] "blank"
INFO [2020-06-23 10:56:26] 
INFO [2020-06-23 10:56:26] $fill
INFO [2020-06-23 10:56:26] myCol[1:2]
INFO [2020-06-23 10:56:26] 
