INFO [2020-05-20 13:48:43] [[1]]
INFO [2020-05-20 13:48:43] list(c1 = case1_up$Symbol, c2 = case2_up$Symbol)
INFO [2020-05-20 13:48:43] 
INFO [2020-05-20 13:48:43] $filename
INFO [2020-05-20 13:48:43] [1] "venn_upregulated.tiff"
INFO [2020-05-20 13:48:43] 
INFO [2020-05-20 13:48:43] $category.names
INFO [2020-05-20 13:48:43] list("Case 1", "Case 2")
INFO [2020-05-20 13:48:43] 
INFO [2020-05-20 13:48:43] $fontfamily
INFO [2020-05-20 13:48:43] [1] "sans"
INFO [2020-05-20 13:48:43] 
INFO [2020-05-20 13:48:43] $cat.fontfamily
INFO [2020-05-20 13:48:43] [1] "sans"
INFO [2020-05-20 13:48:43] 
INFO [2020-05-20 13:48:43] $lty
INFO [2020-05-20 13:48:43] [1] "blank"
INFO [2020-05-20 13:48:43] 
INFO [2020-05-20 13:48:43] $fill
INFO [2020-05-20 13:48:43] myCol[1:2]
INFO [2020-05-20 13:48:43] 
