INFO [2020-06-19 14:21:07] [[1]]
INFO [2020-06-19 14:21:07] list(c1 = case1_up$Symbol, c2 = case2_up$Symbol)
INFO [2020-06-19 14:21:07] 
INFO [2020-06-19 14:21:07] $filename
INFO [2020-06-19 14:21:07] [1] "venn_upregulated.tiff"
INFO [2020-06-19 14:21:07] 
INFO [2020-06-19 14:21:07] $category.names
INFO [2020-06-19 14:21:07] list("Case 1", "Case 2")
INFO [2020-06-19 14:21:07] 
INFO [2020-06-19 14:21:07] $fontfamily
INFO [2020-06-19 14:21:07] [1] "sans"
INFO [2020-06-19 14:21:07] 
INFO [2020-06-19 14:21:07] $cat.fontfamily
INFO [2020-06-19 14:21:07] [1] "sans"
INFO [2020-06-19 14:21:07] 
INFO [2020-06-19 14:21:07] $lty
INFO [2020-06-19 14:21:07] [1] "blank"
INFO [2020-06-19 14:21:07] 
INFO [2020-06-19 14:21:07] $fill
INFO [2020-06-19 14:21:07] myCol[1:2]
INFO [2020-06-19 14:21:07] 
