INFO [2020-06-23 11:33:46] [[1]]
INFO [2020-06-23 11:33:46] list(c1 = case1_up$Symbol, c2 = case2_up$Symbol)
INFO [2020-06-23 11:33:46] 
INFO [2020-06-23 11:33:46] $filename
INFO [2020-06-23 11:33:46] [1] "venn_upregulated.tiff"
INFO [2020-06-23 11:33:46] 
INFO [2020-06-23 11:33:46] $category.names
INFO [2020-06-23 11:33:46] list("Case 1", "Case 2")
INFO [2020-06-23 11:33:46] 
INFO [2020-06-23 11:33:46] $fontfamily
INFO [2020-06-23 11:33:46] [1] "sans"
INFO [2020-06-23 11:33:46] 
INFO [2020-06-23 11:33:46] $cat.fontfamily
INFO [2020-06-23 11:33:46] [1] "sans"
INFO [2020-06-23 11:33:46] 
INFO [2020-06-23 11:33:46] $lty
INFO [2020-06-23 11:33:46] [1] "blank"
INFO [2020-06-23 11:33:46] 
INFO [2020-06-23 11:33:46] $fill
INFO [2020-06-23 11:33:46] myCol[1:2]
INFO [2020-06-23 11:33:46] 
