INFO [2020-06-23 12:58:28] [[1]]
INFO [2020-06-23 12:58:28] list(c1 = case1_up$Symbol, c2 = case2_up$Symbol)
INFO [2020-06-23 12:58:28] 
INFO [2020-06-23 12:58:28] $filename
INFO [2020-06-23 12:58:28] [1] "venn_upregulated.tiff"
INFO [2020-06-23 12:58:28] 
INFO [2020-06-23 12:58:28] $category.names
INFO [2020-06-23 12:58:28] list("Case 1", "Case 2")
INFO [2020-06-23 12:58:28] 
INFO [2020-06-23 12:58:28] $fontfamily
INFO [2020-06-23 12:58:28] [1] "sans"
INFO [2020-06-23 12:58:28] 
INFO [2020-06-23 12:58:28] $cat.fontfamily
INFO [2020-06-23 12:58:28] [1] "sans"
INFO [2020-06-23 12:58:28] 
INFO [2020-06-23 12:58:28] $lty
INFO [2020-06-23 12:58:28] [1] "blank"
INFO [2020-06-23 12:58:28] 
INFO [2020-06-23 12:58:28] $fill
INFO [2020-06-23 12:58:28] myCol[1:2]
INFO [2020-06-23 12:58:28] 
