INFO [2020-06-23 11:28:00] [[1]]
INFO [2020-06-23 11:28:00] list(c1 = case1_up$Symbol, c2 = case2_up$Symbol)
INFO [2020-06-23 11:28:00] 
INFO [2020-06-23 11:28:00] $filename
INFO [2020-06-23 11:28:00] [1] "venn_upregulated.tiff"
INFO [2020-06-23 11:28:00] 
INFO [2020-06-23 11:28:00] $category.names
INFO [2020-06-23 11:28:00] list("Case 1", "Case 2")
INFO [2020-06-23 11:28:00] 
INFO [2020-06-23 11:28:00] $fontfamily
INFO [2020-06-23 11:28:00] [1] "sans"
INFO [2020-06-23 11:28:00] 
INFO [2020-06-23 11:28:00] $cat.fontfamily
INFO [2020-06-23 11:28:00] [1] "sans"
INFO [2020-06-23 11:28:00] 
INFO [2020-06-23 11:28:00] $lty
INFO [2020-06-23 11:28:00] [1] "blank"
INFO [2020-06-23 11:28:00] 
INFO [2020-06-23 11:28:00] $fill
INFO [2020-06-23 11:28:00] myCol[1:2]
INFO [2020-06-23 11:28:00] 
