INFO [2020-06-23 11:22:48] [[1]]
INFO [2020-06-23 11:22:48] list(c1 = case1_up$Symbol, c2 = case2_up$Symbol)
INFO [2020-06-23 11:22:48] 
INFO [2020-06-23 11:22:48] $filename
INFO [2020-06-23 11:22:48] [1] "venn_upregulated.tiff"
INFO [2020-06-23 11:22:48] 
INFO [2020-06-23 11:22:48] $category.names
INFO [2020-06-23 11:22:48] list("Case 1", "Case 2")
INFO [2020-06-23 11:22:48] 
INFO [2020-06-23 11:22:48] $fontfamily
INFO [2020-06-23 11:22:48] [1] "sans"
INFO [2020-06-23 11:22:48] 
INFO [2020-06-23 11:22:48] $cat.fontfamily
INFO [2020-06-23 11:22:48] [1] "sans"
INFO [2020-06-23 11:22:48] 
INFO [2020-06-23 11:22:48] $lty
INFO [2020-06-23 11:22:48] [1] "blank"
INFO [2020-06-23 11:22:48] 
INFO [2020-06-23 11:22:48] $fill
INFO [2020-06-23 11:22:48] myCol[1:2]
INFO [2020-06-23 11:22:48] 
