INFO [2020-06-23 11:25:21] [[1]]
INFO [2020-06-23 11:25:21] list(c1 = case1_up$Symbol, c2 = case2_up$Symbol)
INFO [2020-06-23 11:25:21] 
INFO [2020-06-23 11:25:21] $filename
INFO [2020-06-23 11:25:21] [1] "venn_upregulated.tiff"
INFO [2020-06-23 11:25:21] 
INFO [2020-06-23 11:25:21] $category.names
INFO [2020-06-23 11:25:21] list("Case 1", "Case 2")
INFO [2020-06-23 11:25:21] 
INFO [2020-06-23 11:25:21] $fontfamily
INFO [2020-06-23 11:25:21] [1] "sans"
INFO [2020-06-23 11:25:21] 
INFO [2020-06-23 11:25:21] $cat.fontfamily
INFO [2020-06-23 11:25:21] [1] "sans"
INFO [2020-06-23 11:25:21] 
INFO [2020-06-23 11:25:21] $lty
INFO [2020-06-23 11:25:21] [1] "blank"
INFO [2020-06-23 11:25:21] 
INFO [2020-06-23 11:25:21] $fill
INFO [2020-06-23 11:25:21] myCol[1:2]
INFO [2020-06-23 11:25:21] 
