INFO [2020-06-19 14:12:08] [[1]]
INFO [2020-06-19 14:12:08] list(c1 = case1_up$Symbol, c2 = case2_up$Symbol)
INFO [2020-06-19 14:12:08] 
INFO [2020-06-19 14:12:08] $filename
INFO [2020-06-19 14:12:08] [1] "venn_upregulated.tiff"
INFO [2020-06-19 14:12:08] 
INFO [2020-06-19 14:12:08] $category.names
INFO [2020-06-19 14:12:08] list("Case 1", "Case 2")
INFO [2020-06-19 14:12:08] 
INFO [2020-06-19 14:12:08] $fontfamily
INFO [2020-06-19 14:12:08] [1] "sans"
INFO [2020-06-19 14:12:08] 
INFO [2020-06-19 14:12:08] $cat.fontfamily
INFO [2020-06-19 14:12:08] [1] "sans"
INFO [2020-06-19 14:12:08] 
INFO [2020-06-19 14:12:08] $lty
INFO [2020-06-19 14:12:08] [1] "blank"
INFO [2020-06-19 14:12:08] 
INFO [2020-06-19 14:12:08] $fill
INFO [2020-06-19 14:12:08] myCol[1:2]
INFO [2020-06-19 14:12:08] 
